{"/home/rodrigo/Workspace/arquitetura-hexagonal/exemplo-api/src/index.ts": {"path":"/home/rodrigo/Workspace/arquitetura-hexagonal/exemplo-api/src/index.ts","statementMap":{"0":{"start":{"line":1,"column":0},"end":{"line":1,"column":28}},"1":{"start":{"line":2,"column":0},"end":{"line":2,"column":16}},"2":{"start":{"line":4,"column":0},"end":{"line":4,"column":30}},"3":{"start":{"line":5,"column":0},"end":{"line":5,"column":75}},"4":{"start":{"line":6,"column":0},"end":{"line":6,"column":62}},"5":{"start":{"line":7,"column":0},"end":{"line":7,"column":78}},"6":{"start":{"line":8,"column":0},"end":{"line":8,"column":83}},"7":{"start":{"line":9,"column":0},"end":{"line":9,"column":75}},"8":{"start":{"line":10,"column":0},"end":{"line":10,"column":67}},"9":{"start":{"line":11,"column":0},"end":{"line":11,"column":59}},"10":{"start":{"line":13,"column":12},"end":{"line":13,"column":21}},"11":{"start":{"line":14,"column":14},"end":{"line":14,"column":42}},"12":{"start":{"line":16,"column":0},"end":{"line":16,"column":24}},"13":{"start":{"line":17,"column":0},"end":{"line":17,"column":48}},"14":{"start":{"line":19,"column":0},"end":{"line":21,"column":3}},"15":{"start":{"line":20,"column":4},"end":{"line":20,"column":52}},"16":{"start":{"line":23,"column":0},"end":{"line":23,"column":19}},"17":{"start":{"line":27,"column":27},"end":{"line":27,"column":53}},"18":{"start":{"line":28,"column":23},"end":{"line":28,"column":40}},"19":{"start":{"line":29,"column":25},"end":{"line":31,"column":null}},"20":{"start":{"line":33,"column":21},"end":{"line":35,"column":null}},"21":{"start":{"line":38,"column":0},"end":{"line":38,"column":24}},"22":{"start":{"line":39,"column":0},"end":{"line":39,"column":54}},"23":{"start":{"line":40,"column":0},"end":{"line":40,"column":46}}},"fnMap":{"0":{"name":"(anonymous_1)","decl":{"start":{"line":19,"column":18},"end":{"line":19,"column":21}},"loc":{"start":{"line":19,"column":23},"end":{"line":21,"column":1}}}},"branchMap":{"0":{"loc":{"start":{"line":14,"column":14},"end":{"line":14,"column":42}},"type":"cond-expr","locations":[{"start":{"line":14,"column":34},"end":{"line":14,"column":38}},{"start":{"line":14,"column":38},"end":{"line":14,"column":42}}]},"1":{"loc":{"start":{"line":14,"column":14},"end":{"line":14,"column":38}},"type":"binary-expr","locations":[{"start":{"line":14,"column":14},"end":{"line":14,"column":38}},{"start":{"line":14,"column":34},"end":{"line":14,"column":38}}]}},"s":{"0":1,"1":1,"2":1,"3":1,"4":1,"5":1,"6":1,"7":1,"8":1,"9":1,"10":1,"11":1,"12":1,"13":1,"14":1,"15":1,"16":1,"17":1,"18":1,"19":1,"20":1,"21":1,"22":1,"23":1},"f":{"0":1},"b":{"0":[1,0],"1":[1,1]}}
,"/home/rodrigo/Workspace/arquitetura-hexagonal/exemplo-api/src/core/shared/Erros.ts": {"path":"/home/rodrigo/Workspace/arquitetura-hexagonal/exemplo-api/src/core/shared/Erros.ts","statementMap":{"0":{"start":{"line":1,"column":14},"end":{"line":5,"column":11}},"1":{"start":{"line":7,"column":0},"end":{"line":7,"column":21}}},"fnMap":{},"branchMap":{},"s":{"0":1,"1":1},"f":{},"b":{}}
,"/home/rodrigo/Workspace/arquitetura-hexagonal/exemplo-api/src/core/shared/Id.ts": {"path":"/home/rodrigo/Workspace/arquitetura-hexagonal/exemplo-api/src/core/shared/Id.ts","statementMap":{"0":{"start":{"line":1,"column":0},"end":{"line":1,"column":34}},"1":{"start":{"line":5,"column":8},"end":{"line":5,"column":22}},"2":{"start":{"line":3,"column":0},"end":{"line":3,"column":21}}},"fnMap":{"0":{"name":"(anonymous_0)","decl":{"start":{"line":4,"column":4},"end":{"line":4,"column":10}},"loc":{"start":{"line":4,"column":20},"end":{"line":6,"column":5}}}},"branchMap":{},"s":{"0":1,"1":0,"2":1},"f":{"0":0},"b":{}}
,"/home/rodrigo/Workspace/arquitetura-hexagonal/exemplo-api/src/core/usuario/useCase/UCLoginUsuario.ts": {"path":"/home/rodrigo/Workspace/arquitetura-hexagonal/exemplo-api/src/core/usuario/useCase/UCLoginUsuario.ts","statementMap":{"0":{"start":{"line":2,"column":0},"end":{"line":2,"column":40}},"1":{"start":{"line":21,"column":16},"end":{"line":21,"column":55}},"2":{"start":{"line":22,"column":16},"end":{"line":22,"column":53}},"3":{"start":{"line":26,"column":33},"end":{"line":27,"column":null}},"4":{"start":{"line":29,"column":8},"end":{"line":29,"column":73}},"5":{"start":{"line":29,"column":31},"end":{"line":29,"column":73}},"6":{"start":{"line":31,"column":27},"end":{"line":31,"column":96}},"7":{"start":{"line":33,"column":8},"end":{"line":33,"column":63}},"8":{"start":{"line":33,"column":25},"end":{"line":33,"column":63}},"9":{"start":{"line":35,"column":8},"end":{"line":38,"column":10}},"10":{"start":{"line":17,"column":0},"end":{"line":17,"column":21}}},"fnMap":{"0":{"name":"(anonymous_8)","decl":{"start":{"line":20,"column":4},"end":{"line":20,"column":null}},"loc":{"start":{"line":22,"column":53},"end":{"line":23,"column":8}}},"1":{"name":"(anonymous_9)","decl":{"start":{"line":25,"column":10},"end":{"line":25,"column":18}},"loc":{"start":{"line":25,"column":42},"end":{"line":39,"column":null}}}},"branchMap":{"0":{"loc":{"start":{"line":29,"column":8},"end":{"line":29,"column":73}},"type":"if","locations":[{"start":{"line":29,"column":8},"end":{"line":29,"column":73}}]},"1":{"loc":{"start":{"line":33,"column":8},"end":{"line":33,"column":63}},"type":"if","locations":[{"start":{"line":33,"column":8},"end":{"line":33,"column":63}}]}},"s":{"0":1,"1":1,"2":1,"3":0,"4":0,"5":0,"6":0,"7":0,"8":0,"9":0,"10":1},"f":{"0":1,"1":0},"b":{"0":[0],"1":[0]}}
,"/home/rodrigo/Workspace/arquitetura-hexagonal/exemplo-api/src/core/usuario/useCase/UCRegistrarUsuario.ts": {"path":"/home/rodrigo/Workspace/arquitetura-hexagonal/exemplo-api/src/core/usuario/useCase/UCRegistrarUsuario.ts","statementMap":{"0":{"start":{"line":3,"column":0},"end":{"line":3,"column":40}},"1":{"start":{"line":4,"column":0},"end":{"line":4,"column":34}},"2":{"start":{"line":10,"column":16},"end":{"line":10,"column":59}},"3":{"start":{"line":11,"column":16},"end":{"line":11,"column":55}},"4":{"start":{"line":15,"column":33},"end":{"line":16,"column":null}},"5":{"start":{"line":18,"column":8},"end":{"line":18,"column":71}},"6":{"start":{"line":18,"column":30},"end":{"line":18,"column":71}},"7":{"start":{"line":20,"column":38},"end":{"line":25,"column":10}},"8":{"start":{"line":27,"column":8},"end":{"line":27,"column":53}},"9":{"start":{"line":29,"column":8},"end":{"line":29,"column":58}},"10":{"start":{"line":8,"column":0},"end":{"line":8,"column":21}}},"fnMap":{"0":{"name":"(anonymous_8)","decl":{"start":{"line":9,"column":4},"end":{"line":9,"column":null}},"loc":{"start":{"line":11,"column":55},"end":{"line":12,"column":8}}},"1":{"name":"(anonymous_9)","decl":{"start":{"line":14,"column":10},"end":{"line":14,"column":18}},"loc":{"start":{"line":14,"column":36},"end":{"line":30,"column":null}}}},"branchMap":{"0":{"loc":{"start":{"line":18,"column":8},"end":{"line":18,"column":71}},"type":"if","locations":[{"start":{"line":18,"column":8},"end":{"line":18,"column":71}}]}},"s":{"0":1,"1":1,"2":1,"3":1,"4":0,"5":0,"6":0,"7":0,"8":0,"9":0,"10":1},"f":{"0":1,"1":0},"b":{"0":[0]}}
,"/home/rodrigo/Workspace/arquitetura-hexagonal/exemplo-api/src/external/api/HomeController.ts": {"path":"/home/rodrigo/Workspace/arquitetura-hexagonal/exemplo-api/src/external/api/HomeController.ts","statementMap":{"0":{"start":{"line":7,"column":8},"end":{"line":13,"column":11}},"1":{"start":{"line":7,"column":54},"end":{"line":13,"column":10}},"2":{"start":{"line":8,"column":12},"end":{"line":12,"column":null}},"3":{"start":{"line":9,"column":16},"end":{"line":9,"column":49}},"4":{"start":{"line":11,"column":16},"end":{"line":11,"column":48}},"5":{"start":{"line":3,"column":0},"end":{"line":3,"column":21}}},"fnMap":{"0":{"name":"(anonymous_7)","decl":{"start":{"line":4,"column":4},"end":{"line":4,"column":null}},"loc":{"start":{"line":5,"column":25},"end":{"line":14,"column":5}}},"1":{"name":"(anonymous_8)","decl":{"start":{"line":7,"column":35},"end":{"line":7,"column":42}},"loc":{"start":{"line":7,"column":54},"end":{"line":13,"column":10}}},"2":{"name":"(anonymous_9)","decl":{"start":{"line":7,"column":54},"end":{"line":7,"column":null}},"loc":{"start":{"line":7,"column":54},"end":{"line":13,"column":9}}}},"branchMap":{},"s":{"0":1,"1":0,"2":0,"3":0,"4":0,"5":1},"f":{"0":1,"1":0,"2":0},"b":{}}
,"/home/rodrigo/Workspace/arquitetura-hexagonal/exemplo-api/src/external/api/LoginUsuarioController.ts": {"path":"/home/rodrigo/Workspace/arquitetura-hexagonal/exemplo-api/src/external/api/LoginUsuarioController.ts","statementMap":{"0":{"start":{"line":9,"column":8},"end":{"line":19,"column":11}},"1":{"start":{"line":9,"column":64},"end":{"line":19,"column":10}},"2":{"start":{"line":10,"column":12},"end":{"line":18,"column":null}},"3":{"start":{"line":11,"column":33},"end":{"line":14,"column":18}},"4":{"start":{"line":15,"column":16},"end":{"line":15,"column":47}},"5":{"start":{"line":17,"column":16},"end":{"line":17,"column":48}},"6":{"start":{"line":4,"column":0},"end":{"line":4,"column":21}}},"fnMap":{"0":{"name":"(anonymous_7)","decl":{"start":{"line":5,"column":4},"end":{"line":5,"column":null}},"loc":{"start":{"line":7,"column":33},"end":{"line":20,"column":5}}},"1":{"name":"(anonymous_8)","decl":{"start":{"line":9,"column":45},"end":{"line":9,"column":52}},"loc":{"start":{"line":9,"column":64},"end":{"line":19,"column":10}}},"2":{"name":"(anonymous_9)","decl":{"start":{"line":9,"column":64},"end":{"line":9,"column":null}},"loc":{"start":{"line":9,"column":64},"end":{"line":19,"column":9}}}},"branchMap":{},"s":{"0":1,"1":0,"2":0,"3":0,"4":0,"5":0,"6":1},"f":{"0":1,"1":0,"2":0},"b":{}}
,"/home/rodrigo/Workspace/arquitetura-hexagonal/exemplo-api/src/external/api/RegistrarUsuarioController.ts": {"path":"/home/rodrigo/Workspace/arquitetura-hexagonal/exemplo-api/src/external/api/RegistrarUsuarioController.ts","statementMap":{"0":{"start":{"line":9,"column":8},"end":{"line":20,"column":11}},"1":{"start":{"line":9,"column":68},"end":{"line":20,"column":10}},"2":{"start":{"line":10,"column":12},"end":{"line":19,"column":null}},"3":{"start":{"line":11,"column":16},"end":{"line":15,"column":19}},"4":{"start":{"line":16,"column":16},"end":{"line":16,"column":39}},"5":{"start":{"line":18,"column":16},"end":{"line":18,"column":48}},"6":{"start":{"line":4,"column":0},"end":{"line":4,"column":21}}},"fnMap":{"0":{"name":"(anonymous_7)","decl":{"start":{"line":5,"column":4},"end":{"line":5,"column":null}},"loc":{"start":{"line":7,"column":37},"end":{"line":21,"column":5}}},"1":{"name":"(anonymous_8)","decl":{"start":{"line":9,"column":49},"end":{"line":9,"column":56}},"loc":{"start":{"line":9,"column":68},"end":{"line":20,"column":10}}},"2":{"name":"(anonymous_9)","decl":{"start":{"line":9,"column":68},"end":{"line":9,"column":null}},"loc":{"start":{"line":9,"column":68},"end":{"line":20,"column":9}}}},"branchMap":{},"s":{"0":1,"1":0,"2":0,"3":0,"4":0,"5":0,"6":1},"f":{"0":1,"1":0,"2":0},"b":{}}
,"/home/rodrigo/Workspace/arquitetura-hexagonal/exemplo-api/src/external/auth/adapter/EspacoSenhaCrypto.ts": {"path":"/home/rodrigo/Workspace/arquitetura-hexagonal/exemplo-api/src/external/auth/adapter/EspacoSenhaCrypto.ts","statementMap":{"0":{"start":{"line":7,"column":8},"end":{"line":7,"column":63}},"1":{"start":{"line":10,"column":8},"end":{"line":10,"column":41}},"2":{"start":{"line":5,"column":0},"end":{"line":5,"column":21}}},"fnMap":{"0":{"name":"(anonymous_0)","decl":{"start":{"line":6,"column":4},"end":{"line":6,"column":12}},"loc":{"start":{"line":6,"column":54},"end":{"line":8,"column":5}}},"1":{"name":"(anonymous_1)","decl":{"start":{"line":9,"column":4},"end":{"line":9,"column":16}},"loc":{"start":{"line":9,"column":30},"end":{"line":11,"column":5}}}},"branchMap":{},"s":{"0":1,"1":2,"2":1},"f":{"0":1,"1":2},"b":{}}
,"/home/rodrigo/Workspace/arquitetura-hexagonal/exemplo-api/src/external/auth/adapter/InverterSenhaCrypto.ts": {"path":"/home/rodrigo/Workspace/arquitetura-hexagonal/exemplo-api/src/external/auth/adapter/InverterSenhaCrypto.ts","statementMap":{"0":{"start":{"line":7,"column":8},"end":{"line":7,"column":63}},"1":{"start":{"line":10,"column":8},"end":{"line":10,"column":50}},"2":{"start":{"line":5,"column":0},"end":{"line":5,"column":21}}},"fnMap":{"0":{"name":"(anonymous_0)","decl":{"start":{"line":6,"column":4},"end":{"line":6,"column":12}},"loc":{"start":{"line":6,"column":54},"end":{"line":8,"column":5}}},"1":{"name":"(anonymous_1)","decl":{"start":{"line":9,"column":4},"end":{"line":9,"column":16}},"loc":{"start":{"line":9,"column":30},"end":{"line":11,"column":5}}}},"branchMap":{},"s":{"0":1,"1":2,"2":1},"f":{"0":1,"1":2},"b":{}}
,"/home/rodrigo/Workspace/arquitetura-hexagonal/exemplo-api/src/external/auth/adapter/SenhaCrypto.ts": {"path":"/home/rodrigo/Workspace/arquitetura-hexagonal/exemplo-api/src/external/auth/adapter/SenhaCrypto.ts","statementMap":{"0":{"start":{"line":1,"column":0},"end":{"line":1,"column":27}},"1":{"start":{"line":8,"column":21},"end":{"line":8,"column":43}},"2":{"start":{"line":9,"column":8},"end":{"line":9,"column":44}},"3":{"start":{"line":13,"column":8},"end":{"line":13,"column":61}},"4":{"start":{"line":6,"column":0},"end":{"line":6,"column":21}}},"fnMap":{"0":{"name":"(anonymous_1)","decl":{"start":{"line":7,"column":4},"end":{"line":7,"column":16}},"loc":{"start":{"line":7,"column":30},"end":{"line":10,"column":5}}},"1":{"name":"(anonymous_2)","decl":{"start":{"line":12,"column":4},"end":{"line":12,"column":12}},"loc":{"start":{"line":12,"column":54},"end":{"line":15,"column":5}}}},"branchMap":{},"s":{"0":2,"1":1,"2":1,"3":1,"4":2},"f":{"0":1,"1":1},"b":{}}
,"/home/rodrigo/Workspace/arquitetura-hexagonal/exemplo-api/src/external/db/db.ts": {"path":"/home/rodrigo/Workspace/arquitetura-hexagonal/exemplo-api/src/external/db/db.ts","statementMap":{"0":{"start":{"line":1,"column":0},"end":{"line":1,"column":35}},"1":{"start":{"line":3,"column":12},"end":{"line":3,"column":23}},"2":{"start":{"line":4,"column":11},"end":{"line":10,"column":2}},"3":{"start":{"line":12,"column":0},"end":{"line":12,"column":18}}},"fnMap":{},"branchMap":{},"s":{"0":1,"1":1,"2":1,"3":1},"f":{},"b":{}}
,"/home/rodrigo/Workspace/arquitetura-hexagonal/exemplo-api/src/external/db/adapter/RepositorioUsuarioEmMemoria.ts": {"path":"/home/rodrigo/Workspace/arquitetura-hexagonal/exemplo-api/src/external/db/adapter/RepositorioUsuarioEmMemoria.ts","statementMap":{"0":{"start":{"line":7,"column":22},"end":{"line":7,"column":55}},"1":{"start":{"line":8,"column":33},"end":{"line":8,"column":73}},"2":{"start":{"line":10,"column":8},"end":{"line":10,"column":37}},"3":{"start":{"line":10,"column":30},"end":{"line":10,"column":37}},"4":{"start":{"line":12,"column":8},"end":{"line":12,"column":28}},"5":{"start":{"line":16,"column":8},"end":{"line":19,"column":10}},"6":{"start":{"line":17,"column":58},"end":{"line":17,"column":75}},"7":{"start":{"line":4,"column":28},"end":{"line":4,"column":51}},"8":{"start":{"line":3,"column":21},"end":{"line":3,"column":null}}},"fnMap":{"0":{"name":"(anonymous_7)","decl":{"start":{"line":6,"column":10},"end":{"line":6,"column":17}},"loc":{"start":{"line":6,"column":35},"end":{"line":13,"column":null}}},"1":{"name":"(anonymous_9)","decl":{"start":{"line":15,"column":10},"end":{"line":15,"column":24}},"loc":{"start":{"line":15,"column":38},"end":{"line":20,"column":null}}},"2":{"name":"(anonymous_11)","decl":{"start":{"line":17,"column":51},"end":{"line":17,"column":52}},"loc":{"start":{"line":17,"column":58},"end":{"line":17,"column":75}}}},"branchMap":{"0":{"loc":{"start":{"line":10,"column":8},"end":{"line":10,"column":37}},"type":"if","locations":[{"start":{"line":10,"column":8},"end":{"line":10,"column":37}}]},"1":{"loc":{"start":{"line":17,"column":12},"end":{"line":18,"column":16}},"type":"cond-expr","locations":[{"start":{"line":17,"column":76},"end":{"line":17,"column":null}},{"start":{"line":18,"column":12},"end":{"line":18,"column":16}}]},"2":{"loc":{"start":{"line":17,"column":12},"end":{"line":17,"column":null}},"type":"binary-expr","locations":[{"start":{"line":17,"column":12},"end":{"line":17,"column":null}},{"start":{"line":17,"column":76},"end":{"line":17,"column":null}}]}},"s":{"0":0,"1":0,"2":0,"3":0,"4":0,"5":0,"6":0,"7":0,"8":0},"f":{"0":0,"1":0,"2":0},"b":{"0":[0],"1":[0,0],"2":[0,0]}}
,"/home/rodrigo/Workspace/arquitetura-hexagonal/exemplo-api/src/external/db/adapter/RepositorioUsuarioPg.ts": {"path":"/home/rodrigo/Workspace/arquitetura-hexagonal/exemplo-api/src/external/db/adapter/RepositorioUsuarioPg.ts","statementMap":{"0":{"start":{"line":2,"column":0},"end":{"line":2,"column":23}},"1":{"start":{"line":6,"column":8},"end":{"line":16,"column":10}},"2":{"start":{"line":20,"column":24},"end":{"line":26,"column":null}},"3":{"start":{"line":28,"column":8},"end":{"line":28,"column":33}},"4":{"start":{"line":28,"column":21},"end":{"line":28,"column":33}},"5":{"start":{"line":29,"column":8},"end":{"line":29,"column":23}},"6":{"start":{"line":4,"column":0},"end":{"line":4,"column":21}}},"fnMap":{"0":{"name":"(anonymous_8)","decl":{"start":{"line":5,"column":10},"end":{"line":5,"column":17}},"loc":{"start":{"line":5,"column":35},"end":{"line":17,"column":null}}},"1":{"name":"(anonymous_10)","decl":{"start":{"line":19,"column":10},"end":{"line":19,"column":24}},"loc":{"start":{"line":19,"column":38},"end":{"line":30,"column":null}}}},"branchMap":{"0":{"loc":{"start":{"line":28,"column":8},"end":{"line":28,"column":33}},"type":"if","locations":[{"start":{"line":28,"column":8},"end":{"line":28,"column":33}}]}},"s":{"0":1,"1":0,"2":0,"3":0,"4":0,"5":0,"6":1},"f":{"0":0,"1":0},"b":{"0":[0]}}
}
