TN:
SF:src/index.ts
FN:19,(anonymous_1)
FNF:1
FNH:1
FNDA:1,(anonymous_1)
DA:1,1
DA:2,1
DA:4,1
DA:5,1
DA:6,1
DA:7,1
DA:8,1
DA:9,1
DA:10,1
DA:11,1
DA:13,1
DA:14,1
DA:16,1
DA:17,1
DA:19,1
DA:20,1
DA:23,1
DA:27,1
DA:28,1
DA:29,1
DA:33,1
DA:38,1
DA:39,1
DA:40,1
LF:24
LH:24
BRDA:14,0,0,1
BRDA:14,0,1,0
BRDA:14,1,0,1
BRDA:14,1,1,1
BRF:4
BRH:3
end_of_record
TN:
SF:src/core/shared/Erros.ts
FNF:0
FNH:0
DA:1,1
DA:7,1
LF:2
LH:2
BRF:0
BRH:0
end_of_record
TN:
SF:src/core/shared/Id.ts
FN:4,(anonymous_0)
FNF:1
FNH:0
FNDA:0,(anonymous_0)
DA:1,1
DA:3,1
DA:5,0
LF:3
LH:2
BRF:0
BRH:0
end_of_record
TN:
SF:src/core/usuario/useCase/UCLoginUsuario.ts
FN:20,(anonymous_8)
FN:25,(anonymous_9)
FNF:2
FNH:1
FNDA:1,(anonymous_8)
FNDA:0,(anonymous_9)
DA:2,1
DA:17,1
DA:21,1
DA:22,1
DA:26,0
DA:29,0
DA:31,0
DA:33,0
DA:35,0
LF:9
LH:4
BRDA:29,0,0,0
BRDA:33,1,0,0
BRF:2
BRH:0
end_of_record
TN:
SF:src/core/usuario/useCase/UCRegistrarUsuario.ts
FN:9,(anonymous_8)
FN:14,(anonymous_9)
FNF:2
FNH:1
FNDA:1,(anonymous_8)
FNDA:0,(anonymous_9)
DA:3,1
DA:4,1
DA:8,1
DA:10,1
DA:11,1
DA:15,0
DA:18,0
DA:20,0
DA:27,0
DA:29,0
LF:10
LH:5
BRDA:18,0,0,0
BRF:1
BRH:0
end_of_record
TN:
SF:src/external/api/HomeController.ts
FN:4,(anonymous_7)
FN:7,(anonymous_8)
FN:7,(anonymous_9)
FNF:3
FNH:1
FNDA:1,(anonymous_7)
FNDA:0,(anonymous_8)
FNDA:0,(anonymous_9)
DA:3,1
DA:7,1
DA:8,0
DA:9,0
DA:11,0
LF:5
LH:2
BRF:0
BRH:0
end_of_record
TN:
SF:src/external/api/LoginUsuarioController.ts
FN:5,(anonymous_7)
FN:9,(anonymous_8)
FN:9,(anonymous_9)
FNF:3
FNH:1
FNDA:1,(anonymous_7)
FNDA:0,(anonymous_8)
FNDA:0,(anonymous_9)
DA:4,1
DA:9,1
DA:10,0
DA:11,0
DA:15,0
DA:17,0
LF:6
LH:2
BRF:0
BRH:0
end_of_record
TN:
SF:src/external/api/RegistrarUsuarioController.ts
FN:5,(anonymous_7)
FN:9,(anonymous_8)
FN:9,(anonymous_9)
FNF:3
FNH:1
FNDA:1,(anonymous_7)
FNDA:0,(anonymous_8)
FNDA:0,(anonymous_9)
DA:4,1
DA:9,1
DA:10,0
DA:11,0
DA:16,0
DA:18,0
LF:6
LH:2
BRF:0
BRH:0
end_of_record
TN:
SF:src/external/auth/adapter/EspacoSenhaCrypto.ts
FN:6,(anonymous_0)
FN:9,(anonymous_1)
FNF:2
FNH:2
FNDA:1,(anonymous_0)
FNDA:2,(anonymous_1)
DA:5,1
DA:7,1
DA:10,2
LF:3
LH:3
BRF:0
BRH:0
end_of_record
TN:
SF:src/external/auth/adapter/InverterSenhaCrypto.ts
FN:6,(anonymous_0)
FN:9,(anonymous_1)
FNF:2
FNH:2
FNDA:1,(anonymous_0)
FNDA:2,(anonymous_1)
DA:5,1
DA:7,1
DA:10,2
LF:3
LH:3
BRF:0
BRH:0
end_of_record
TN:
SF:src/external/auth/adapter/SenhaCrypto.ts
FN:7,(anonymous_1)
FN:12,(anonymous_2)
FNF:2
FNH:2
FNDA:1,(anonymous_1)
FNDA:1,(anonymous_2)
DA:1,2
DA:6,2
DA:8,1
DA:9,1
DA:13,1
LF:5
LH:5
BRF:0
BRH:0
end_of_record
TN:
SF:src/external/db/db.ts
FNF:0
FNH:0
DA:1,1
DA:3,1
DA:4,1
DA:12,1
LF:4
LH:4
BRF:0
BRH:0
end_of_record
TN:
SF:src/external/db/adapter/RepositorioUsuarioEmMemoria.ts
FN:6,(anonymous_7)
FN:15,(anonymous_9)
FN:17,(anonymous_11)
FNF:3
FNH:0
FNDA:0,(anonymous_7)
FNDA:0,(anonymous_9)
FNDA:0,(anonymous_11)
DA:3,0
DA:4,0
DA:7,0
DA:8,0
DA:10,0
DA:12,0
DA:16,0
DA:17,0
LF:8
LH:0
BRDA:10,0,0,0
BRDA:17,1,0,0
BRDA:17,1,1,0
BRDA:17,2,0,0
BRDA:17,2,1,0
BRF:5
BRH:0
end_of_record
TN:
SF:src/external/db/adapter/RepositorioUsuarioPg.ts
FN:5,(anonymous_8)
FN:19,(anonymous_10)
FNF:2
FNH:0
FNDA:0,(anonymous_8)
FNDA:0,(anonymous_10)
DA:2,1
DA:4,1
DA:6,0
DA:20,0
DA:28,0
DA:29,0
LF:6
LH:2
BRDA:28,0,0,0
BRF:1
BRH:0
end_of_record
